This is XeTeX, Version 3.14159265-2.6-0.99992 (TeX Live 2015/Debian) (preloaded format=xelatex 2017.9.23)  19 OCT 2017 16:15
entering extended mode
 restricted \write18 enabled.
 %&-line parsing enabled.
**examtry1.tex
(./examtry1.tex
LaTeX2e <2016/02/01>
Babel <3.9q> and hyphenation patterns for 81 language(s) loaded.
(/usr/share/texlive/texmf-dist/tex/latex/base/article.cls
Document Class: article 2014/09/29 v1.4h Standard LaTeX document class
(/usr/share/texlive/texmf-dist/tex/latex/base/fleqn.clo
File: fleqn.clo 2015/03/31 v1.1i Standard LaTeX option (flush left equations)
\mathindent=\dimen102
Applying: [2015/01/01] Make \[ robust on input line 50.
LaTeX Info: Redefining \[ on input line 51.
Already applied: [0000/00/00] Make \[ robust on input line 62.
Applying: [2015/01/01] Make \] robust on input line 74.
LaTeX Info: Redefining \] on input line 75.
Already applied: [0000/00/00] Make \] robust on input line 83.
)
(/usr/share/texlive/texmf-dist/tex/latex/base/size12.clo
File: size12.clo 2014/09/29 v1.4h Standard LaTeX file (size option)
)
\c@part=\count79
\c@section=\count80
\c@subsection=\count81
\c@subsubsection=\count82
\c@paragraph=\count83
\c@subparagraph=\count84
\c@figure=\count85
\c@table=\count86
\abovecaptionskip=\skip41
\belowcaptionskip=\skip42
\bibindent=\dimen103
)
(/usr/share/texlive/texmf-dist/tex/latex/amsmath/amsmath.sty
Package: amsmath 2016/03/03 v2.15a AMS math features
\@mathmargin=\skip43

For additional information on amsmath, use the `?' option.
(/usr/share/texlive/texmf-dist/tex/latex/amsmath/amstext.sty
Package: amstext 2000/06/29 v2.01 AMS text

(/usr/share/texlive/texmf-dist/tex/latex/amsmath/amsgen.sty
File: amsgen.sty 1999/11/30 v2.0 generic functions
\@emptytoks=\toks14
\ex@=\dimen104
))
(/usr/share/texlive/texmf-dist/tex/latex/amsmath/amsbsy.sty
Package: amsbsy 1999/11/29 v1.2d Bold Symbols
\pmbraise@=\dimen105
)
(/usr/share/texlive/texmf-dist/tex/latex/amsmath/amsopn.sty
Package: amsopn 1999/12/14 v2.01 operator names
)
\inf@bad=\count87
LaTeX Info: Redefining \frac on input line 199.
\uproot@=\count88
\leftroot@=\count89
LaTeX Info: Redefining \overline on input line 297.
\classnum@=\count90
\DOTSCASE@=\count91
LaTeX Info: Redefining \ldots on input line 394.
LaTeX Info: Redefining \dots on input line 397.
LaTeX Info: Redefining \cdots on input line 518.
\Mathstrutbox@=\box26
\strutbox@=\box27
\big@size=\dimen106
LaTeX Font Info:    Redeclaring font encoding OML on input line 630.
LaTeX Font Info:    Redeclaring font encoding OMS on input line 631.
\macc@depth=\count92
\c@MaxMatrixCols=\count93
\dotsspace@=\muskip10
\c@parentequation=\count94
\dspbrk@lvl=\count95
\tag@help=\toks15
\row@=\count96
\column@=\count97
\maxfields@=\count98
\andhelp@=\toks16
\eqnshift@=\dimen107
\alignsep@=\dimen108
\tagshift@=\dimen109
\tagwidth@=\dimen110
\totwidth@=\dimen111
\lineht@=\dimen112
\@envbody=\toks17
\multlinegap=\skip44
\multlinetaggap=\skip45
\mathdisplay@stack=\toks18
LaTeX Info: Redefining \[ on input line 2735.
LaTeX Info: Redefining \] on input line 2736.
)
(/usr/share/texlive/texmf-dist/tex/latex/amsfonts/amsfonts.sty
Package: amsfonts 2013/01/14 v3.01 Basic AMSFonts support
\symAMSa=\mathgroup4
\symAMSb=\mathgroup5
LaTeX Font Info:    Overwriting math alphabet `\mathfrak' in version `bold'
(Font)                  U/euf/m/n --> U/euf/b/n on input line 106.
)
(/usr/share/texlive/texmf-dist/tex/latex/amsfonts/amssymb.sty
Package: amssymb 2013/01/14 v3.01 AMS font symbols
)
(/usr/share/texlive/texmf-dist/tex/latex/amscls/amsthm.sty
Package: amsthm 2015/03/04 v2.20.2
\thm@style=\toks19
\thm@bodyfont=\toks20
\thm@headfont=\toks21
\thm@notefont=\toks22
\thm@headpunct=\toks23
\thm@preskip=\skip46
\thm@postskip=\skip47
\thm@headsep=\skip48
\dth@everypar=\toks24
)
(/usr/share/texlive/texmf-dist/tex/latex/graphics/graphics.sty
Package: graphics 2016/01/03 v1.0q Standard LaTeX Graphics (DPC,SPQR)

(/usr/share/texlive/texmf-dist/tex/latex/graphics/trig.sty
Package: trig 2016/01/03 v1.10 sin cos tan (DPC)
)
(/usr/share/texlive/texmf-dist/tex/latex/latexconfig/graphics.cfg
File: graphics.cfg 2010/04/23 v1.9 graphics configuration of TeX Live
)
Package graphics Info: Driver file: xetex.def on input line 95.

(/usr/share/texlive/texmf-dist/tex/xelatex/xetex-def/xetex.def
File: xetex.def 2015/09/11 v4.06 LaTeX color/graphics driver for XeTeX (TeX Liv
e/RRM/JK)

(/usr/share/texlive/texmf-dist/tex/generic/oberdiek/infwarerr.sty
Package: infwarerr 2010/04/08 v1.3 Providing info/warning/error messages (HO)
)
(/usr/share/texlive/texmf-dist/tex/generic/oberdiek/ltxcmds.sty
Package: ltxcmds 2011/11/09 v1.22 LaTeX kernel commands for general use (HO)
)))
(/usr/share/texlive/texmf-dist/tex/latex/setspace/setspace.sty
Package: setspace 2011/12/19 v6.7a set line spacing
)
(/usr/share/texlive/texmf-dist/tex/latex/enumitem/enumitem.sty
Package: enumitem 2011/09/28 v3.5.2 Customized lists
\enitkv@toks@=\toks25
\labelindent=\skip49
\enit@outerparindent=\dimen113
\enit@toks=\toks26
\enit@inbox=\box28
\enitdp@description=\count99
)
(/usr/share/texlive/texmf-dist/tex/latex/unicode-math/unicode-math.sty
Package: unicode-math 2015/09/24 v0.8c Unicode maths in XeLaTeX and LuaLaTeX

(/usr/share/texlive/texmf-dist/tex/generic/ifxetex/ifxetex.sty
Package: ifxetex 2010/09/12 v0.6 Provides ifxetex conditional
)
(/usr/share/texlive/texmf-dist/tex/generic/oberdiek/ifluatex.sty
Package: ifluatex 2010/03/01 v1.3 Provides the ifluatex switch (HO)
Package ifluatex Info: LuaTeX not detected.
)
(/usr/share/texlive/texmf-dist/tex/latex/l3kernel/expl3.sty
Package: expl3 2016/01/19 v6377 L3 programming layer (loader) 

(/usr/share/texlive/texmf-dist/tex/latex/l3kernel/expl3-code.tex
Package: expl3 2016/01/19 v6377 L3 programming layer (code)
L3 Module: l3bootstrap 2016/01/01 v6339 L3 Bootstrap code
L3 Module: l3names 2015/12/21 v6328 L3 Namespace for primitives
L3 Module: l3basics 2015/11/22 v6315 L3 Basic definitions
L3 Module: l3expan 2015/09/10 v5983 L3 Argument expansion
L3 Module: l3tl 2015/09/29 v6121 L3 Token lists
L3 Module: l3str 2016/01/03 v6357 L3 Strings
L3 Module: l3seq 2015/08/05 v5777 L3 Sequences and stacks
L3 Module: l3int 2016/01/05 v6366 L3 Integers
\c_max_int=\count100
\l_tmpa_int=\count101
\l_tmpb_int=\count102
\g_tmpa_int=\count103
\g_tmpb_int=\count104
L3 Module: l3quark 2015/08/17 v5855 L3 Quarks
L3 Module: l3prg 2015/11/01 v6216 L3 Control structures
\g__prg_map_int=\count105
L3 Module: l3clist 2015/09/02 v5901 L3 Comma separated lists
L3 Module: l3token 2015/11/11 v6249 L3 Experimental token manipulation
L3 Module: l3prop 2016/01/05 v6366 L3 Property lists
L3 Module: l3msg 2015/09/28 v6113 L3 Messages
L3 Module: l3file 2015/12/03 v6317 L3 File and I/O operations
\l_iow_line_count_int=\count106
\l__iow_target_count_int=\count107
\l__iow_current_line_int=\count108
\l__iow_current_word_int=\count109
\l__iow_current_indentation_int=\count110
L3 Module: l3skip 2016/01/05 v6366 L3 Dimensions and skips
\c_zero_dim=\dimen114
\c_max_dim=\dimen115
\l_tmpa_dim=\dimen116
\l_tmpb_dim=\dimen117
\g_tmpa_dim=\dimen118
\g_tmpb_dim=\dimen119
\c_zero_skip=\skip50
\c_max_skip=\skip51
\l_tmpa_skip=\skip52
\l_tmpb_skip=\skip53
\g_tmpa_skip=\skip54
\g_tmpb_skip=\skip55
\c_zero_muskip=\muskip11
\c_max_muskip=\muskip12
\l_tmpa_muskip=\muskip13
\l_tmpb_muskip=\muskip14
\g_tmpa_muskip=\muskip15
\g_tmpb_muskip=\muskip16
L3 Module: l3keys 2015/11/17 v6284 L3 Key-value interfaces
\g__keyval_level_int=\count111
\l_keys_choice_int=\count112
L3 Module: l3fp 2015/08/25 v5890 L3 Floating points
\c__fp_leading_shift_int=\count113
\c__fp_middle_shift_int=\count114
\c__fp_trailing_shift_int=\count115
\c__fp_big_leading_shift_int=\count116
\c__fp_big_middle_shift_int=\count117
\c__fp_big_trailing_shift_int=\count118
\c__fp_Bigg_leading_shift_int=\count119
\c__fp_Bigg_middle_shift_int=\count120
\c__fp_Bigg_trailing_shift_int=\count121
L3 Module: l3box 2015/08/09 v5822 L3 Experimental boxes
\c_empty_box=\box29
\l_tmpa_box=\box30
\l_tmpb_box=\box31
\g_tmpa_box=\box32
\g_tmpb_box=\box33
L3 Module: l3coffins 2015/08/06 v5789 L3 Coffin code layer
\l__coffin_internal_box=\box34
\l__coffin_internal_dim=\dimen120
\l__coffin_offset_x_dim=\dimen121
\l__coffin_offset_y_dim=\dimen122
\l__coffin_x_dim=\dimen123
\l__coffin_y_dim=\dimen124
\l__coffin_x_prime_dim=\dimen125
\l__coffin_y_prime_dim=\dimen126
\c_empty_coffin=\box35
\l__coffin_aligned_coffin=\box36
\l__coffin_aligned_internal_coffin=\box37
\l_tmpa_coffin=\box38
\l_tmpb_coffin=\box39
\l__coffin_display_coffin=\box40
\l__coffin_display_coord_coffin=\box41
\l__coffin_display_pole_coffin=\box42
\l__coffin_display_offset_dim=\dimen127
\l__coffin_display_x_dim=\dimen128
\l__coffin_display_y_dim=\dimen129
L3 Module: l3color 2014/08/23 v5354 L3 Experimental color support
L3 Module: l3sys 2015/09/25 v6087 L3 Experimental system/runtime functions
L3 Module: l3candidates 2016/01/14 v6376 L3 Experimental additions to l3kernel
\l__box_top_dim=\dimen130
\l__box_bottom_dim=\dimen131
\l__box_left_dim=\dimen132
\l__box_right_dim=\dimen133
\l__box_top_new_dim=\dimen134
\l__box_bottom_new_dim=\dimen135
\l__box_left_new_dim=\dimen136
\l__box_right_new_dim=\dimen137
\l__box_internal_box=\box43
\l__coffin_bounding_shift_dim=\dimen138
\l__coffin_left_corner_dim=\dimen139
\l__coffin_right_corner_dim=\dimen140
\l__coffin_bottom_corner_dim=\dimen141
\l__coffin_top_corner_dim=\dimen142
\l__coffin_scaled_total_height_dim=\dimen143
\l__coffin_scaled_width_dim=\dimen144
L3 Module: l3luatex 2015/11/11 v6250 L3 Experimental LuaTeX-specific functions
)
(/usr/share/texlive/texmf-dist/tex/latex/l3kernel/l3xdvipdfmx.def
File: l3xdvidpfmx.def 2015/11/11 v6250 L3 Experimental driver: xdvipdfmx
))
(/usr/share/texlive/texmf-dist/tex/latex/ucharcat/ucharcat.sty
Package: ucharcat 2015/11/19 v0.03 ucharcat for luaLaTeX (DPC)
)
(/usr/share/texlive/texmf-dist/tex/latex/l3packages/xparse/xparse.sty
Package: xparse 2016/01/19 v6377 L3 Experimental document command parser
\l__xparse_current_arg_int=\count122
\l__xparse_m_args_int=\count123
\l__xparse_mandatory_args_int=\count124
\l__xparse_processor_int=\count125
\l__xparse_v_nesting_int=\count126
)
(/usr/share/texlive/texmf-dist/tex/latex/l3packages/l3keys2e/l3keys2e.sty
Package: l3keys2e 2016/01/19 v6377 LaTeX2e option processing using LaTeX3 keys
)
(/usr/share/texlive/texmf-dist/tex/latex/fontspec/fontspec.sty
Package: fontspec 2016/02/01 v2.5a Font selection for XeLaTeX and LuaLaTeX

(/usr/share/texlive/texmf-dist/tex/latex/fontspec/fontspec-xetex.sty
Package: fontspec-xetex 2016/02/01 v2.5a Font selection for XeLaTeX and LuaLaTe
X
\l_fontspec_script_int=\count127
\l_fontspec_language_int=\count128
\l_fontspec_strnum_int=\count129
\l__fontspec_tmpa_dim=\dimen145
\l__fontspec_tmpb_dim=\dimen146
\l__fontspec_tmpc_dim=\dimen147
\g__file_internal_ior=\read1

(/usr/share/texlive/texmf-dist/tex/latex/base/fontenc.sty
Package: fontenc 2005/09/27 v1.99g Standard LaTeX package

(/usr/share/texlive/texmf-dist/tex/latex/euenc/eu1enc.def
File: eu1enc.def 2010/05/27 v0.1h Experimental Unicode font encodings
)
LaTeX Font Info:    Try loading font information for EU1+lmr on input line 105.


(/usr/share/texlive/texmf-dist/tex/latex/euenc/eu1lmr.fd
File: eu1lmr.fd 2009/10/30 v1.6 Font defs for Latin Modern
))
(/usr/share/texlive/texmf-dist/tex/xelatex/xunicode/xunicode.sty
File: xunicode.sty 2011/09/09 v0.981 provides access to latin accents and many 
other characters in Unicode lower plane

(/usr/share/texmf/tex/latex/tipa/t3enc.def
File: t3enc.def 2001/12/31 T3 encoding
LaTeX Font Info:    Try loading font information for EU1+lmss on input line 357
.

(/usr/share/texlive/texmf-dist/tex/latex/euenc/eu1lmss.fd
File: eu1lmss.fd 2009/10/30 v1.6 Font defs for Latin Modern
))
\tipaTiiicode=\count130
\tipasavetokens=\toks27
\tipachecktokens=\toks28

(/usr/share/texlive/texmf-dist/tex/latex/graphics/graphicx.sty
Package: graphicx 2014/10/28 v1.0g Enhanced LaTeX Graphics (DPC,SPQR)

(/usr/share/texlive/texmf-dist/tex/latex/graphics/keyval.sty
Package: keyval 2014/10/28 v1.15 key=value parser (DPC)
\KV@toks@=\toks29
)
\Gin@req@height=\dimen148
\Gin@req@width=\dimen149
))
.................................................
. LaTeX info: "xparse/define-command"
. 
. Defining command \__fontspec_post_arg:w with sig. 'mmO{}' on line 353.
.................................................
.................................................
. LaTeX info: "xparse/define-command"
. 
. Defining command \fontspec with sig. 'om' on line 355.
.................................................
.................................................
. LaTeX info: "xparse/define-command"
. 
. Defining command \setmainfont with sig. 'om' on line 365.
.................................................
.................................................
. LaTeX info: "xparse/define-command"
. 
. Defining command \setsansfont with sig. 'om' on line 375.
.................................................
.................................................
. LaTeX info: "xparse/define-command"
. 
. Defining command \setmonofont with sig. 'om' on line 385.
.................................................
.................................................
. LaTeX info: "xparse/define-command"
. 
. Defining command \setmathrm with sig. 'om' on line 399.
.................................................
.................................................
. LaTeX info: "xparse/define-command"
. 
. Defining command \setboldmathrm with sig. 'om' on line 407.
.................................................
.................................................
. LaTeX info: "xparse/define-command"
. 
. Defining command \setmathsf with sig. 'om' on line 415.
.................................................
.................................................
. LaTeX info: "xparse/define-command"
. 
. Defining command \setmathtt with sig. 'om' on line 423.
.................................................
.................................................
. LaTeX info: "xparse/define-command"
. 
. Defining command \newfontfamily with sig. 'mom' on line 437.
.................................................
.................................................
. LaTeX info: "xparse/define-command"
. 
. Defining command \newfontface with sig. 'mom' on line 453.
.................................................
.................................................
. LaTeX info: "xparse/define-command"
. 
. Defining command \defaultfontfeatures with sig. 't+om' on line 467.
.................................................
.................................................
. LaTeX info: "xparse/define-command"
. 
. Defining command \addfontfeatures with sig. 'm' on line 529.
.................................................
.................................................
. LaTeX info: "xparse/define-command"
. 
. Defining command \newfontfeature with sig. 'mm' on line 540.
.................................................
.................................................
. LaTeX info: "xparse/define-command"
. 
. Defining command \newAATfeature with sig. 'mmmm' on line 548.
.................................................
.................................................
. LaTeX info: "xparse/define-command"
. 
. Defining command \newopentypefeature with sig. 'mmm' on line 556.
.................................................
.................................................
. LaTeX info: "xparse/define-command"
. 
. Defining command \aliasfontfeature with sig. 'mm' on line 577.
.................................................
.................................................
. LaTeX info: "xparse/define-command"
. 
. Defining command \aliasfontfeatureoption with sig. 'mmm' on line 586.
.................................................
.................................................
. LaTeX info: "xparse/define-command"
. 
. Defining command \newfontscript with sig. 'mm' on line 590.
.................................................
.................................................
. LaTeX info: "xparse/define-command"
. 
. Defining command \newfontlanguage with sig. 'mm' on line 594.
.................................................
.................................................
. LaTeX info: "xparse/define-command"
. 
. Defining command \DeclareFontsExtensions with sig. 'm' on line 599.
.................................................
\l__fontspec_tmp_int=\count131

(/usr/share/texlive/texmf-dist/tex/latex/fontspec/fontspec.cfg)
LaTeX Info: Redefining \itshape on input line 2705.
LaTeX Info: Redefining \slshape on input line 2710.
LaTeX Info: Redefining \scshape on input line 2715.
LaTeX Info: Redefining \upshape on input line 2720.
\l__fontspec_em_int=\count132
\l__fontspec_emdef_int=\count133
LaTeX Info: Redefining \em on input line 2736.
LaTeX Info: Redefining \emph on input line 2742.
LaTeX Info: Redefining \- on input line 2746.
.................................................
. LaTeX info: "xparse/redefine-command"
. 
. Redefining command \oldstylenums with sig. 'm' on line 2841.
.................................................
.................................................
. LaTeX info: "xparse/define-command"
. 
. Defining command \liningnums with sig. 'm' on line 2845.
.................................................
))
(/usr/share/texlive/texmf-dist/tex/latex/base/fix-cm.sty
Package: fix-cm 2015/01/14 v1.1t fixes to LaTeX

(/usr/share/texlive/texmf-dist/tex/latex/base/ts1enc.def
File: ts1enc.def 2001/06/05 v3.0e (jk/car/fm) Standard LaTeX file
))
(/usr/share/texlive/texmf-dist/tex/latex/filehook/filehook.sty
Package: filehook 2011/10/12 v0.5d Hooks for input files
)
\g__um_fam_int=\count134
\g__um_primekern_muskip=\muskip17
\l__um_primecount_int=\count135
.................................................
. LaTeX info: "xparse/define-command"
. 
. Defining command \unimathsetup with sig. 'm' on line 168.
.................................................

(/usr/share/texlive/texmf-dist/tex/latex/unicode-math/unicode-math-xetex.sty
.................................................
. LaTeX info: "xparse/define-command"
. 
. Defining command \setmathfontface with sig. 'mO{}mO{}' on line 165.
.................................................
.................................................
. LaTeX info: "xparse/define-command"
. 
. Defining command \setoperatorfont with sig. 'm' on line 169.
.................................................
.................................................
. LaTeX info: "xparse/define-command"
. 
. Defining command \setmathfont with sig. 'O{}mO{}' on line 278.
.................................................
.................................................
. LaTeX info: "xparse/define-command"
. 
. Defining command \addnolimits with sig. 'm' on line 520.
.................................................
.................................................
. LaTeX info: "xparse/define-command"
. 
. Defining command \removenolimits with sig. 'm' on line 524.
.................................................

(/usr/share/texlive/texmf-dist/tex/latex/unicode-math/unicode-math-table.tex)
.................................................
. unicode-math info: "patch-macro"
. 
. I'm going to patch macro \subarray.
.................................................
.................................................
. unicode-math info: "patch-macro"
. 
. I'm going to patch macro \r@@t.
.................................................
)) (/usr/share/texlive/texmf-dist/tex/latex/mathtools/mathtools.sty
Package: mathtools 2015/11/12 v1.18 mathematical typesetting tools

(/usr/share/texlive/texmf-dist/tex/latex/tools/calc.sty
Package: calc 2014/10/28 v4.3 Infix arithmetic (KKT,FJ)
\calc@Acount=\count136
\calc@Bcount=\count137
\calc@Adimen=\dimen150
\calc@Bdimen=\dimen151
\calc@Askip=\skip56
\calc@Bskip=\skip57
LaTeX Info: Redefining \setlength on input line 80.
LaTeX Info: Redefining \addtolength on input line 81.
\calc@Ccount=\count138
\calc@Cskip=\skip58
)
(/usr/share/texlive/texmf-dist/tex/latex/mathtools/mhsetup.sty
Package: mhsetup 2010/01/21 v1.2a programming setup (MH)
)
LaTeX Info: Thecontrolsequence`\('isalreadyrobust on input line 129.
LaTeX Info: Thecontrolsequence`\)'isalreadyrobust on input line 129.
LaTeX Info: Thecontrolsequence`\['isalreadyrobust on input line 129.
LaTeX Info: Thecontrolsequence`\]'isalreadyrobust on input line 129.
\g_MT_multlinerow_int=\count139
\l_MT_multwidth_dim=\dimen152
\origjot=\skip59
\l_MT_shortvdotswithinadjustabove_dim=\dimen153
\l_MT_shortvdotswithinadjustbelow_dim=\dimen154
\l_MT_above_intertext_sep=\dimen155
\l_MT_below_intertext_sep=\dimen156
\l_MT_above_shortintertext_sep=\dimen157
\l_MT_below_shortintertext_sep=\dimen158
)
\g__um_empty_fam=\mathgroup6
.................................................
. unicode-math info: "patch-macro"
. 
. I'm going to patch macro \MT_cramped_internal:Nn.
.................................................

*************************************************
* unicode-math warning: "mathtools-colon"
* 
* I'm going to overwrite the following commands from the `mathtools' package:
* 
*     \dblcolon, \coloneqq, \Coloneqq, \eqqcolon.
* 
* Note that since I won't overwrite the other colon-like commands, using them
* will lead to inconsistencies.
*************************************************
.................................................
. LaTeX info: "xparse/define-command"
. 
. Defining command \dblcolon with sig. '' on line 4.
.................................................
.................................................
. LaTeX info: "xparse/define-command"
. 
. Defining command \coloneqq with sig. '' on line 4.
.................................................
.................................................
. LaTeX info: "xparse/define-command"
. 
. Defining command \Coloneqq with sig. '' on line 4.
.................................................
.................................................
. LaTeX info: "xparse/define-command"
. 
. Defining command \eqqcolon with sig. '' on line 4.
.................................................
(/usr/share/texlive/texmf-dist/tex/generic/babel/babel.sty
Package: babel 2016/02/24 3.9q The Babel package

(/usr/share/texlive/texmf-dist/tex/generic/babel-english/english.ldf
Language: english 2012/08/20 v3.3p English support from the babel system

(/usr/share/texlive/texmf-dist/tex/generic/babel/babel.def
File: babel.def 2016/02/24 3.9q Babel common definitions
\babel@savecnt=\count140
\U@D=\dimen159

(/usr/share/texlive/texmf-dist/tex/generic/babel/xebabel.def))
\l@canadian = a dialect from \language\l@american 
\l@australian = a dialect from \language\l@british 
\l@newzealand = a dialect from \language\l@british 
)
(/usr/share/texlive/texmf-dist/tex/generic/babel-russian/russianb.ldf
Language: russianb 2016/02/18 1.3h Russian support for the Babel system
Package babel Info: Making " an active character on input line 111.
))
(/usr/share/texlive/texmf-dist/tex/latex/was/icomma.sty
Package: icomma 2002/03/10 v2.0 (WaS)
)
(/usr/share/texlive/texmf-dist/tex/latex/etoolbox/etoolbox.sty
Package: etoolbox 2015/08/02 v2.2a e-TeX tools for LaTeX (JAW)
\etb@tempcnta=\count141
)
(/usr/share/texlive/texmf-dist/tex/latex/tools/verbatim.sty
Package: verbatim 2014/10/28 v1.5q LaTeX2e package for verbatim enhancements
\every@verbatim=\toks30
\verbatim@line=\toks31
\verbatim@in@stream=\read2
)
.................................................
. fontspec info: "no-scripts"
. 
. Font Times New Roman does not contain any OpenType `Script' information.
.................................................
\g__fontspec_family_TimesNewRoman_int=\count142
.................................................
. fontspec info: "defining-font"
. 
. Font family 'TimesNewRoman(0)' created for font 'Times New Roman' with
. options [Ligatures=TeX].
. 
. This font family consists of the following NFSS series/shapes:
. - 'normal' (m/n) with NFSS spec.: <->"Times New Roman/OT:mapping=tex-text;"
. - 'small caps'  (m/sc) with NFSS spec.: - 'bold' (bx/n) with NFSS spec.:
. <->"Times New Roman/B/OT:mapping=tex-text;"
. - 'bold small caps'  (bx/sc) with NFSS spec.: - 'italic' (m/it) with NFSS
. spec.: <->"Times New Roman/I/OT:mapping=tex-text;"
. - 'italic small caps'  (m/itsc) with NFSS spec.: - 'bold italic' (bx/it)
. with NFSS spec.: <->"Times New Roman/BI/OT:mapping=tex-text;"
. - 'bold italic small caps'  (bx/itsc) with NFSS spec.: 
.................................................
.................................................
. fontspec info: "no-scripts"
. 
. Font Times New Roman does not contain any OpenType `Script' information.
.................................................
.................................................
. fontspec info: "defining-font"
. 
. Font family 'TimesNewRoman(1)' created for font 'Times New Roman' with
. options [].
. 
. This font family consists of the following NFSS series/shapes:
. - 'normal' (m/n) with NFSS spec.: <->"Times New Roman/OT:"
. - 'small caps'  (m/sc) with NFSS spec.: - 'bold' (bx/n) with NFSS spec.:
. <->"Times New Roman/B/OT:"
. - 'bold small caps'  (bx/sc) with NFSS spec.: - 'italic' (m/it) with NFSS
. spec.: <->"Times New Roman/I/OT:"
. - 'italic small caps'  (m/itsc) with NFSS spec.: - 'bold italic' (bx/it)
. with NFSS spec.: <->"Times New Roman/BI/OT:"
. - 'bold italic small caps'  (bx/itsc) with NFSS spec.: 
.................................................
LaTeX Font Info:    Overwriting math alphabet `\mathrm' in version `normal'
(Font)                  OT1/cmr/m/n --> EU1/TimesNewRoman(1)/m/n on input line 
11.
LaTeX Font Info:    Overwriting math alphabet `\mathit' in version `normal'
(Font)                  OT1/cmr/m/it --> EU1/TimesNewRoman(1)/m/it on input lin
e 11.
LaTeX Font Info:    Overwriting math alphabet `\mathbf' in version `normal'
(Font)                  OT1/cmr/bx/n --> EU1/TimesNewRoman(1)/bx/n on input lin
e 11.
\g__fontspec_family_TeXGyreTermesMath_int=\count143
.................................................
. fontspec info: "no-font-shape"
. 
. Could not resolve font TeX Gyre Termes Math/B (it probably doesn't exist).
.................................................
.................................................
. fontspec info: "defining-font"
. 
. Font family 'TeXGyreTermesMath(0)' created for font 'TeX Gyre Termes Math'
. with options
. [BoldItalicFont={},ItalicFont={},Script=Math,SizeFeatures={{Size=12-},{Size=8
-12,Font=TeX
. Gyre Termes Math,Style=MathScript},{Size=-8,Font=TeX Gyre Termes
. Math,Style=MathScriptScript}}].
. 
. This font family consists of the following NFSS series/shapes:
. - 'normal' (m/n) with NFSS spec.: <12->"TeX Gyre Termes
. Math/OT:script=math;language=DFLT;"<8-12>"TeX Gyre Termes
. Math/OT:script=math;language=DFLT;+ssty=0;"<-8>"TeX Gyre Termes
. Math/OT:script=math;language=DFLT;+ssty=1;"
. - 'small caps'  (m/sc) with NFSS spec.: 
.................................................
LaTeX Font Info:    Encoding `OT1' has changed to `EU1' for symbol font
(Font)              `operators' in the math version `normal' on input line 12.
LaTeX Font Info:    Overwriting symbol font `operators' in version `normal'
(Font)                  OT1/cmr/m/n --> EU1/TeXGyreTermesMath(0)/m/n on input l
ine 12.
LaTeX Font Info:    Encoding `OT1' has changed to `EU1' for symbol font
(Font)              `operators' in the math version `bold' on input line 12.
LaTeX Font Info:    Overwriting symbol font `operators' in version `bold'
(Font)                  OT1/cmr/bx/n --> EU1/TeXGyreTermesMath(0)/bx/n on input
 line 12.
.................................................
. fontspec info: "no-font-shape"
. 
. Could not resolve font TeX Gyre Termes Math/B (it probably doesn't exist).
.................................................
.................................................
. fontspec info: "defining-font"
. 
. Font family 'TeXGyreTermesMath(1)' created for font 'TeX Gyre Termes Math'
. with options
. [BoldItalicFont={},ItalicFont={},Script=Math,SizeFeatures={{Size=12-},{Size=8
-12,Font=TeX
. Gyre Termes Math,Style=MathScript},{Size=-8,Font=TeX Gyre Termes
. Math,Style=MathScriptScript}},Scale=1.00001,FontAdjustment={\fontdimen
. 8\font =7.608pt\relax \relax \fontdimen 9\font =5.16pt\relax \relax
. \fontdimen 10\font =5.16pt\relax \relax \fontdimen 11\font =7.176pt\relax
. \relax \fontdimen 12\font =3.192pt\relax \relax \fontdimen 13\font
. =4.068pt\relax \relax \fontdimen 14\font =4.068pt\relax \relax \fontdimen
. 15\font =3.408pt\relax \relax \fontdimen 16\font =2.664pt\relax \relax
. \fontdimen 17\font =2.664pt\relax \relax \fontdimen 18\font =2.664pt\relax
. \relax \fontdimen 19\font =1.332pt\relax \relax \fontdimen 20\font
. =0pt\relax \fontdimen 21\font =0pt\relax \fontdimen 22\font =3.0pt\relax
. \relax }].
. 
. This font family consists of the following NFSS series/shapes:
. - 'normal' (m/n) with NFSS spec.: <12->s*[1.00001]"TeX Gyre Termes
. Math/OT:script=math;language=DFLT;"<8-12>s*[1.00001]"TeX Gyre Termes
. Math/OT:script=math;language=DFLT;+ssty=0;"<-8>s*[1.00001]"TeX Gyre Termes
. Math/OT:script=math;language=DFLT;+ssty=1;"
. - 'small caps'  (m/sc) with NFSS spec.: 
. and font adjustment code:
. \fontdimen 8\font =7.608pt\relax \relax \fontdimen 9\font =5.16pt\relax
. \relax \fontdimen 10\font =5.16pt\relax \relax \fontdimen 11\font
. =7.176pt\relax \relax \fontdimen 12\font =3.192pt\relax \relax \fontdimen
. 13\font =4.068pt\relax \relax \fontdimen 14\font =4.068pt\relax \relax
. \fontdimen 15\font =3.408pt\relax \relax \fontdimen 16\font =2.664pt\relax
. \relax \fontdimen 17\font =2.664pt\relax \relax \fontdimen 18\font
. =2.664pt\relax \relax \fontdimen 19\font =1.332pt\relax \relax \fontdimen
. 20\font =0pt\relax \fontdimen 21\font =0pt\relax \fontdimen 22\font
. =3.0pt\relax \relax 
.................................................
LaTeX Font Info:    Encoding `OMS' has changed to `EU1' for symbol font
(Font)              `symbols' in the math version `normal' on input line 12.
LaTeX Font Info:    Overwriting symbol font `symbols' in version `normal'
(Font)                  OMS/cmsy/m/n --> EU1/TeXGyreTermesMath(1)/m/n on input 
line 12.
LaTeX Font Info:    Encoding `OMS' has changed to `EU1' for symbol font
(Font)              `symbols' in the math version `bold' on input line 12.
LaTeX Font Info:    Overwriting symbol font `symbols' in version `bold'
(Font)                  OMS/cmsy/b/n --> EU1/TeXGyreTermesMath(1)/bx/n on input
 line 12.
.................................................
. fontspec info: "no-font-shape"
. 
. Could not resolve font TeX Gyre Termes Math/B (it probably doesn't exist).
.................................................
.................................................
. fontspec info: "defining-font"
. 
. Font family 'TeXGyreTermesMath(2)' created for font 'TeX Gyre Termes Math'
. with options
. [BoldItalicFont={},ItalicFont={},Script=Math,SizeFeatures={{Size=12-},{Size=8
-12,Font=TeX
. Gyre Termes Math,Style=MathScript},{Size=-8,Font=TeX Gyre Termes
. Math,Style=MathScriptScript}},Scale=0.99999,FontAdjustment={\fontdimen
. 8\font =0.624pt\relax \relax \fontdimen 9\font =1.2pt\relax \relax
. \fontdimen 10\font =1.2pt\relax \relax \fontdimen 11\font =1.2pt\relax
. \relax \fontdimen 12\font =5.196pt\relax \relax \fontdimen 13\font
. =0pt\relax }].
. 
. This font family consists of the following NFSS series/shapes:
. - 'normal' (m/n) with NFSS spec.: <12->s*[0.99999]"TeX Gyre Termes
. Math/OT:script=math;language=DFLT;"<8-12>s*[0.99999]"TeX Gyre Termes
. Math/OT:script=math;language=DFLT;+ssty=0;"<-8>s*[0.99999]"TeX Gyre Termes
. Math/OT:script=math;language=DFLT;+ssty=1;"
. - 'small caps'  (m/sc) with NFSS spec.: 
. and font adjustment code:
. \fontdimen 8\font =0.624pt\relax \relax \fontdimen 9\font =1.2pt\relax
. \relax \fontdimen 10\font =1.2pt\relax \relax \fontdimen 11\font
. =1.2pt\relax \relax \fontdimen 12\font =5.196pt\relax \relax \fontdimen
. 13\font =0pt\relax 
.................................................
LaTeX Font Info:    Encoding `OMX' has changed to `EU1' for symbol font
(Font)              `largesymbols' in the math version `normal' on input line 1
2.
LaTeX Font Info:    Overwriting symbol font `largesymbols' in version `normal'
(Font)                  OMX/cmex/m/n --> EU1/TeXGyreTermesMath(2)/m/n on input 
line 12.
LaTeX Font Info:    Encoding `OMX' has changed to `EU1' for symbol font
(Font)              `largesymbols' in the math version `bold' on input line 12.

LaTeX Font Info:    Overwriting symbol font `largesymbols' in version `bold'
(Font)                  OMX/cmex/m/n --> EU1/TeXGyreTermesMath(2)/bx/n on input
 line 12.

(/usr/share/texlive/texmf-dist/tex/latex/base/ifthen.sty
Package: ifthen 2014/09/29 v1.1c Standard LaTeX ifthen package (DPC)
)
(/usr/share/texlive/texmf-dist/tex/latex/soul/soul.sty
Package: soul 2003/11/17 v2.4 letterspacing/underlining (mf)
\SOUL@word=\toks32
\SOUL@lasttoken=\toks33
\SOUL@cmds=\toks34
\SOUL@buffer=\toks35
\SOUL@token=\toks36
\SOUL@spaceskip=\skip60
\SOUL@ttwidth=\dimen160
\SOUL@uldp=\dimen161
\SOUL@ulht=\dimen162
) (./sagetex.sty
Package: sagetex 2015/08/26 v3.0-92d9f7a embedding Sage into LaTeX documents

(/usr/share/texlive/texmf-dist/tex/latex/fancyvrb/fancyvrb.sty
Package: fancyvrb 2008/02/07

Style option: `fancyvrb' v2.7a, with DG/SPQR fixes, and firstline=lastline fix 
<2008/02/07> (tvz)
\FV@CodeLineNo=\count144
\FV@InFile=\read3
\FV@TabBox=\box44
\c@FancyVerbLine=\count145
\FV@StepNumber=\count146
\FV@OutFile=\write3
)
(/usr/share/texlive/texmf-dist/tex/latex/listings/listings.sty
\lst@mode=\count147
\lst@gtempboxa=\box45
\lst@token=\toks37
\lst@length=\count148
\lst@currlwidth=\dimen163
\lst@column=\count149
\lst@pos=\count150
\lst@lostspace=\dimen164
\lst@width=\dimen165
\lst@newlines=\count151
\lst@lineno=\count152
\lst@maxwidth=\dimen166

(/usr/share/texlive/texmf-dist/tex/latex/listings/lstmisc.sty
File: lstmisc.sty 2015/06/04 1.6 (Carsten Heinz)
\c@lstnumber=\count153
\lst@skipnumbers=\count154
\lst@framebox=\box46
)
(/usr/share/texlive/texmf-dist/tex/latex/listings/listings.cfg
File: listings.cfg 2015/06/04 1.6 listings configuration
))
Package: listings 2015/06/04 1.6 (Carsten Heinz)

(/usr/share/texlive/texmf-dist/tex/latex/graphics/color.sty
Package: color 2016/01/03 v1.1b Standard LaTeX Color (DPC)

(/usr/share/texlive/texmf-dist/tex/latex/latexconfig/color.cfg
File: color.cfg 2007/01/18 v1.5 color configuration of teTeX/TeXLive
)
Package color Info: Driver file: xetex.def on input line 143.
)
(/usr/share/texlive/texmf-dist/tex/latex/makecmds/makecmds.sty
Package: makecmds 2009/09/03 v1.0a extra command making commands
)
(/usr/share/texlive/texmf-dist/tex/generic/oberdiek/ifpdf.sty
Package: ifpdf 2011/01/30 v2.3 Provides the ifpdf switch (HO)
Package ifpdf Info: pdfTeX in PDF mode is not detected.
)
\c@ST@inline=\count155
\c@ST@plot=\count156
\c@ST@cmdline=\count157
\sagetexindent=\skip61

No file examtry1.sagetex.sout.
\sagecommandlineskip=\skip62
) (/usr/share/texlive/texmf-dist/tex/latex/geometry/geometry.sty
Package: geometry 2010/09/12 v5.6 Page Geometry

(/usr/share/texlive/texmf-dist/tex/generic/oberdiek/ifvtex.sty
Package: ifvtex 2010/03/01 v1.5 Detect VTeX and its facilities (HO)
Package ifvtex Info: VTeX not detected.
)
\Gm@cnth=\count158
\Gm@cntv=\count159
\c@Gm@tempcnt=\count160
\Gm@bindingoffset=\dimen167
\Gm@wd@mp=\dimen168
\Gm@odd@mp=\dimen169
\Gm@even@mp=\dimen170
\Gm@layoutwidth=\dimen171
\Gm@layoutheight=\dimen172
\Gm@layouthoffset=\dimen173
\Gm@layoutvoffset=\dimen174
\Gm@dimlist=\toks38
)
(/usr/share/texlive/texmf-dist/tex/latex/wrapfig/wrapfig.sty
\wrapoverhang=\dimen175
\WF@size=\dimen176
\c@WF@wrappedlines=\count161
\WF@box=\box47
\WF@everypar=\toks39
Package: wrapfig 2003/01/31  v 3.6
)
(/usr/share/texlive/texmf-dist/tex/latex/fp/fp.sty
Package: fp 1995/04/02

`Fixed Point Package', Version 0.8, April 2, 1995 (C) Michael Mehlich
(/usr/share/texlive/texmf-dist/tex/latex/fp/defpattern.sty
Package: defpattern 1994/10/12
\actioncount=\count162
)
(/usr/share/texlive/texmf-dist/tex/latex/fp/fp-basic.sty
Package: fp-basic 1996/05/13
\FP@xs=\count163
\FP@xia=\count164
\FP@xib=\count165
\FP@xfa=\count166
\FP@xfb=\count167
\FP@rega=\count168
\FP@regb=\count169
\FP@regs=\count170
\FP@times=\count171
)
(/usr/share/texlive/texmf-dist/tex/latex/fp/fp-addons.sty
Package: fp-addons 1995/03/15
)
(/usr/share/texlive/texmf-dist/tex/latex/fp/fp-snap.sty
Package: fp-snap 1995/04/05
)
(/usr/share/texlive/texmf-dist/tex/latex/fp/fp-exp.sty
Package: fp-exp 1995/04/03
)
(/usr/share/texlive/texmf-dist/tex/latex/fp/fp-trigo.sty
Package: fp-trigo 1995/04/14
)
(/usr/share/texlive/texmf-dist/tex/latex/fp/fp-pas.sty
Package: fp-pas 1994/08/29
)
(/usr/share/texlive/texmf-dist/tex/latex/fp/fp-random.sty
Package: fp-random 1995/02/23
\FPseed=\count172
)
(/usr/share/texlive/texmf-dist/tex/latex/fp/fp-eqn.sty
Package: fp-eqn 1995/04/03
)
(/usr/share/texlive/texmf-dist/tex/latex/fp/fp-upn.sty
Package: fp-upn 1996/10/21
)
(/usr/share/texlive/texmf-dist/tex/latex/fp/fp-eval.sty
Package: fp-eval 1995/04/03
))
(/usr/share/texlive/texmf-dist/tex/latex/exsheets/exsheets.sty
Package: exsheets 2016/02/01 v0.21b Yet another package for the creation of exe
rcise sheets and exams.
\l__exsheets_tmpa_int=\count173
\l__exsheets_tmpb_int=\count174
\l__exsheets_tmpc_int=\count175
\l__exsheets_tmpd_int=\count176
\l__exsheets_tmpe_int=\count177
\l__exsheets_tmpa_dim=\dimen177
\l__exsheets_tmpb_dim=\dimen178

(/usr/share/texlive/texmf-dist/tex/latex/l3packages/xtemplate/xtemplate.sty
Package: xtemplate 2016/01/19 v6377 L3 Experimental prototype document function
s
\l__xtemplate_tmp_dim=\dimen179
\l__xtemplate_tmp_int=\count178
\l__xtemplate_tmp_muskip=\muskip18
\l__xtemplate_tmp_skip=\skip63
)
(/usr/share/texlive/texmf-dist/tex/latex/l3experimental/l3sort/l3sort.sty
Package: l3sort 2016/01/19 v6377 L3 Experimental sorting functions
\l__sort_length_int=\count179
\l__sort_block_int=\count180
\l__sort_begin_int=\count181
\l__sort_end_int=\count182
\l__sort_A_int=\count183
\l__sort_B_int=\count184
\l__sort_C_int=\count185
)
(/usr/share/texlive/texmf-dist/tex/latex/xcolor/xcolor.sty
Package: xcolor 2007/01/21 v2.11 LaTeX color extensions (UK)

(/usr/share/texlive/texmf-dist/tex/latex/latexconfig/color.cfg
File: color.cfg 2007/01/18 v1.5 color configuration of teTeX/TeXLive
)
Package xcolor Info: Driver file: xetex.def on input line 225.
LaTeX Info: Redefining \color on input line 702.
Package xcolor Info: Model `cmy' substituted by `cmy0' on input line 1337.
Package xcolor Info: Model `RGB' extended on input line 1353.
Package xcolor Info: Model `HTML' substituted by `rgb' on input line 1355.
Package xcolor Info: Model `Hsb' substituted by `hsb' on input line 1356.
Package xcolor Info: Model `tHsb' substituted by `hsb' on input line 1357.
Package xcolor Info: Model `HSB' substituted by `hsb' on input line 1358.
Package xcolor Info: Model `Gray' substituted by `gray' on input line 1359.
Package xcolor Info: Model `wave' substituted by `hsb' on input line 1360.
)
(/usr/share/texlive/texmf-dist/tex/latex/environ/environ.sty
Package: environ 2014/05/04 v0.3 A new way to define environments

(/usr/share/texlive/texmf-dist/tex/latex/trimspaces/trimspaces.sty
Package: trimspaces 2009/09/17 v1.1 Trim spaces around a token list
))
(/usr/share/texlive/texmf-dist/tex/latex/pgf/basiclayer/pgfcore.sty
(/usr/share/texlive/texmf-dist/tex/latex/pgf/systemlayer/pgfsys.sty
(/usr/share/texlive/texmf-dist/tex/latex/pgf/utilities/pgfrcs.sty
(/usr/share/texlive/texmf-dist/tex/generic/pgf/utilities/pgfutil-common.tex
\pgfutil@everybye=\toks40
\pgfutil@tempdima=\dimen180
\pgfutil@tempdimb=\dimen181

(/usr/share/texlive/texmf-dist/tex/generic/pgf/utilities/pgfutil-common-lists.t
ex)) (/usr/share/texlive/texmf-dist/tex/generic/pgf/utilities/pgfutil-latex.def
\pgfutil@abb=\box48
(/usr/share/texlive/texmf-dist/tex/latex/ms/everyshi.sty
Package: everyshi 2001/05/15 v3.00 EveryShipout Package (MS)
))
(/usr/share/texlive/texmf-dist/tex/generic/pgf/utilities/pgfrcs.code.tex
Package: pgfrcs 2015/08/07 v3.0.1a (rcs-revision 1.31)
))
(/usr/share/texlive/texmf-dist/tex/generic/pgf/systemlayer/pgfsys.code.tex
Package: pgfsys 2014/07/09 v3.0.1a (rcs-revision 1.48)

(/usr/share/texlive/texmf-dist/tex/generic/pgf/utilities/pgfkeys.code.tex
\pgfkeys@pathtoks=\toks41
\pgfkeys@temptoks=\toks42

(/usr/share/texlive/texmf-dist/tex/generic/pgf/utilities/pgfkeysfiltered.code.t
ex
\pgfkeys@tmptoks=\toks43
))
\pgf@x=\dimen182
\pgf@y=\dimen183
\pgf@xa=\dimen184
\pgf@ya=\dimen185
\pgf@xb=\dimen186
\pgf@yb=\dimen187
\pgf@xc=\dimen188
\pgf@yc=\dimen189
\w@pgf@writea=\write4
\r@pgf@reada=\read4
\c@pgf@counta=\count186
\c@pgf@countb=\count187
\c@pgf@countc=\count188
\c@pgf@countd=\count189
\t@pgf@toka=\toks44
\t@pgf@tokb=\toks45
\t@pgf@tokc=\toks46
 (/usr/share/texlive/texmf-dist/tex/generic/pgf/systemlayer/pgf.cfg
File: pgf.cfg 2008/05/14  (rcs-revision 1.7)
)
Driver file for pgf: pgfsys-xetex.def

(/usr/share/texlive/texmf-dist/tex/generic/pgf/systemlayer/pgfsys-xetex.def
File: pgfsys-xetex.def 2014/07/09  (rcs-revision 1.11)

(/usr/share/texlive/texmf-dist/tex/generic/pgf/systemlayer/pgfsys-dvipdfmx.def
File: pgfsys-dvipdfmx.def 2014/07/09  (rcs-revision 1.14)

(/usr/share/texlive/texmf-dist/tex/generic/pgf/systemlayer/pgfsys-common-pdf.de
f
File: pgfsys-common-pdf.def 2013/10/10  (rcs-revision 1.13)
)
\pgfsys@objnum=\count190
)))
(/usr/share/texlive/texmf-dist/tex/generic/pgf/systemlayer/pgfsyssoftpath.code.
tex
File: pgfsyssoftpath.code.tex 2013/09/09  (rcs-revision 1.9)
\pgfsyssoftpath@smallbuffer@items=\count191
\pgfsyssoftpath@bigbuffer@items=\count192
)
(/usr/share/texlive/texmf-dist/tex/generic/pgf/systemlayer/pgfsysprotocol.code.
tex
File: pgfsysprotocol.code.tex 2006/10/16  (rcs-revision 1.4)
))
(/usr/share/texlive/texmf-dist/tex/generic/pgf/basiclayer/pgfcore.code.tex
Package: pgfcore 2010/04/11 v3.0.1a (rcs-revision 1.7)

(/usr/share/texlive/texmf-dist/tex/generic/pgf/math/pgfmath.code.tex
(/usr/share/texlive/texmf-dist/tex/generic/pgf/math/pgfmathcalc.code.tex
(/usr/share/texlive/texmf-dist/tex/generic/pgf/math/pgfmathutil.code.tex)
(/usr/share/texlive/texmf-dist/tex/generic/pgf/math/pgfmathparser.code.tex
\pgfmath@dimen=\dimen190
\pgfmath@count=\count193
\pgfmath@box=\box49
\pgfmath@toks=\toks47
\pgfmath@stack@operand=\toks48
\pgfmath@stack@operation=\toks49
)
(/usr/share/texlive/texmf-dist/tex/generic/pgf/math/pgfmathfunctions.code.tex
(/usr/share/texlive/texmf-dist/tex/generic/pgf/math/pgfmathfunctions.basic.code
.tex)
(/usr/share/texlive/texmf-dist/tex/generic/pgf/math/pgfmathfunctions.trigonomet
ric.code.tex)
(/usr/share/texlive/texmf-dist/tex/generic/pgf/math/pgfmathfunctions.random.cod
e.tex)
(/usr/share/texlive/texmf-dist/tex/generic/pgf/math/pgfmathfunctions.comparison
.code.tex)
(/usr/share/texlive/texmf-dist/tex/generic/pgf/math/pgfmathfunctions.base.code.
tex)
(/usr/share/texlive/texmf-dist/tex/generic/pgf/math/pgfmathfunctions.round.code
.tex)
(/usr/share/texlive/texmf-dist/tex/generic/pgf/math/pgfmathfunctions.misc.code.
tex)
(/usr/share/texlive/texmf-dist/tex/generic/pgf/math/pgfmathfunctions.integerari
thmetics.code.tex)))
(/usr/share/texlive/texmf-dist/tex/generic/pgf/math/pgfmathfloat.code.tex
\c@pgfmathroundto@lastzeros=\count194
))
(/usr/share/texlive/texmf-dist/tex/generic/pgf/basiclayer/pgfcorepoints.code.te
x
File: pgfcorepoints.code.tex 2013/10/07  (rcs-revision 1.27)
\pgf@picminx=\dimen191
\pgf@picmaxx=\dimen192
\pgf@picminy=\dimen193
\pgf@picmaxy=\dimen194
\pgf@pathminx=\dimen195
\pgf@pathmaxx=\dimen196
\pgf@pathminy=\dimen197
\pgf@pathmaxy=\dimen198
\pgf@xx=\dimen199
\pgf@xy=\dimen256
\pgf@yx=\dimen257
\pgf@yy=\dimen258
\pgf@zx=\dimen259
\pgf@zy=\dimen260
)
(/usr/share/texlive/texmf-dist/tex/generic/pgf/basiclayer/pgfcorepathconstruct.
code.tex
File: pgfcorepathconstruct.code.tex 2013/10/07  (rcs-revision 1.29)
\pgf@path@lastx=\dimen261
\pgf@path@lasty=\dimen262
)
(/usr/share/texlive/texmf-dist/tex/generic/pgf/basiclayer/pgfcorepathusage.code
.tex
File: pgfcorepathusage.code.tex 2014/11/02  (rcs-revision 1.24)
\pgf@shorten@end@additional=\dimen263
\pgf@shorten@start@additional=\dimen264
)
(/usr/share/texlive/texmf-dist/tex/generic/pgf/basiclayer/pgfcorescopes.code.te
x
File: pgfcorescopes.code.tex 2015/05/08  (rcs-revision 1.46)
\pgfpic=\box50
\pgf@hbox=\box51
\pgf@layerbox@main=\box52
\pgf@picture@serial@count=\count195
)
(/usr/share/texlive/texmf-dist/tex/generic/pgf/basiclayer/pgfcoregraphicstate.c
ode.tex
File: pgfcoregraphicstate.code.tex 2014/11/02  (rcs-revision 1.12)
\pgflinewidth=\dimen265
)
(/usr/share/texlive/texmf-dist/tex/generic/pgf/basiclayer/pgfcoretransformation
s.code.tex
File: pgfcoretransformations.code.tex 2015/08/07  (rcs-revision 1.20)
\pgf@pt@x=\dimen266
\pgf@pt@y=\dimen267
\pgf@pt@temp=\dimen268
)
(/usr/share/texlive/texmf-dist/tex/generic/pgf/basiclayer/pgfcorequick.code.tex
File: pgfcorequick.code.tex 2008/10/09  (rcs-revision 1.3)
)
(/usr/share/texlive/texmf-dist/tex/generic/pgf/basiclayer/pgfcoreobjects.code.t
ex
File: pgfcoreobjects.code.tex 2006/10/11  (rcs-revision 1.2)
)
(/usr/share/texlive/texmf-dist/tex/generic/pgf/basiclayer/pgfcorepathprocessing
.code.tex
File: pgfcorepathprocessing.code.tex 2013/09/09  (rcs-revision 1.9)
)
(/usr/share/texlive/texmf-dist/tex/generic/pgf/basiclayer/pgfcorearrows.code.te
x
File: pgfcorearrows.code.tex 2015/05/14  (rcs-revision 1.43)
\pgfarrowsep=\dimen269
)
(/usr/share/texlive/texmf-dist/tex/generic/pgf/basiclayer/pgfcoreshade.code.tex
File: pgfcoreshade.code.tex 2013/07/15  (rcs-revision 1.15)
\pgf@max=\dimen270
\pgf@sys@shading@range@num=\count196
)
(/usr/share/texlive/texmf-dist/tex/generic/pgf/basiclayer/pgfcoreimage.code.tex
File: pgfcoreimage.code.tex 2013/07/15  (rcs-revision 1.18)

(/usr/share/texlive/texmf-dist/tex/generic/pgf/basiclayer/pgfcoreexternal.code.
tex
File: pgfcoreexternal.code.tex 2014/07/09  (rcs-revision 1.21)
\pgfexternal@startupbox=\box53
))
(/usr/share/texlive/texmf-dist/tex/generic/pgf/basiclayer/pgfcorelayers.code.te
x
File: pgfcorelayers.code.tex 2013/07/18  (rcs-revision 1.7)
)
(/usr/share/texlive/texmf-dist/tex/generic/pgf/basiclayer/pgfcoretransparency.c
ode.tex
File: pgfcoretransparency.code.tex 2013/09/30  (rcs-revision 1.5)
)
(/usr/share/texlive/texmf-dist/tex/generic/pgf/basiclayer/pgfcorepatterns.code.
tex
File: pgfcorepatterns.code.tex 2013/11/07  (rcs-revision 1.5)
))) (/usr/share/texlive/texmf-dist/tex/latex/cntformats/cntformats.sty
Package: cntformats 2014/07/20 v0.7 A different way to read counters. (CN)

(/usr/share/texlive/texmf-dist/tex/latex/cnltx/cnltx-base.sty
Package: cnltx-base 2015/08/17 v0.13 LaTeX tools and documenting facilities (CN
)

(/usr/share/texlive/texmf-dist/tex/latex/pgfopts/pgfopts.sty
Package: pgfopts 2014/07/10 v2.1a LaTeX package options with pgfkeys

(/usr/share/texlive/texmf-dist/tex/latex/pgf/utilities/pgfkeys.sty
(/usr/share/texlive/texmf-dist/tex/generic/pgf/utilities/pgfkeys.code.tex))
\pgfopts@list@add@a@toks=\toks50
\pgfopts@list@add@b@toks=\toks51
)
(/usr/share/texlive/texmf-dist/tex/generic/oberdiek/pdftexcmds.sty
Package: pdftexcmds 2011/11/29 v0.20 Utility functions of pdfTeX for LuaTeX (HO
)
Package pdftexcmds Info: LuaTeX not detected.
Package pdftexcmds Info: pdfTeX >= 1.30 not detected.
Package pdftexcmds Info: \pdf@primitive is available.
Package pdftexcmds Info: \pdf@ifprimitive is available.
Package pdftexcmds Info: \pdfdraftmode not found.
)
\c@cnltx@tmpa=\count197
\c@cnltx@tmpb=\count198
\c@cnltx@tmpc=\count199
\cnltx@tmpa@length=\skip64
\cnltx@tmpb@length=\skip65
\cnltx@tmpc@length=\skip66
))
\c@question=\count266
\l__exsheets_questions_skip_below_dim=\dimen271
\l__exsheets_solutions_skip_below_dim=\dimen272
.................................................
. LaTeX info: "xparse/define-command"
. 
. Defining command \addpoints with sig. 'sm' on line 475.
.................................................
.................................................
. LaTeX info: "xparse/define-command"
. 
. Defining command \addbonus with sig. 'sm' on line 485.
.................................................
.................................................
. LaTeX info: "xparse/define-command"
. 
. Defining command \points with sig. 'sm' on line 492.
.................................................
.................................................
. LaTeX info: "xparse/define-command"
. 
. Defining command \bonus with sig. 'sm' on line 499.
.................................................
.................................................
. LaTeX info: "xparse/define-command"
. 
. Defining command \pointssum with sig. 's' on line 529.
.................................................
.................................................
. LaTeX info: "xparse/define-command"
. 
. Defining command \bonussum with sig. 's' on line 540.
.................................................
.................................................
. LaTeX info: "xparse/define-command"
. 
. Defining command \currentpointssum with sig. 's' on line 551.
.................................................
.................................................
. LaTeX info: "xparse/define-command"
. 
. Defining command \currentbonussum with sig. 's' on line 562.
.................................................
.................................................
. LaTeX info: "xparse/define-command"
. 
. Defining command \totalpoints with sig. 's' on line 594.
.................................................
\l__exsheets_variations_int=\count267
.................................................
. LaTeX info: "xparse/define-command"
. 
. Defining command \SetVariations with sig. 'm' on line 722.
.................................................
.................................................
. LaTeX info: "xparse/define-command"
. 
. Defining command \variant with sig. 'm' on line 725.
.................................................
.................................................
. LaTeX info: "xparse/define-command"
. 
. Defining command \vary with sig. '' on line 728.
.................................................
.................................................
. LaTeX info: "xparse/define-command"
. 
. Defining command \lastvariant with sig. '' on line 731.
.................................................
.................................................
. LaTeX info: "xparse/define-command"
. 
. Defining command \DeclareRelGrades with sig. 'm' on line 784.
.................................................
.................................................
. LaTeX info: "xparse/define-command"
. 
. Defining command \grade with sig. 'sm' on line 811.
.................................................
.................................................
. LaTeX info: "xparse/define-command"
. 
. Defining command \DeclareQuestionClass with sig. 'mm' on line 938.
.................................................
.................................................
. LaTeX info: "xparse/define-command"
. 
. Defining command \GetQuestionClass with sig. 'm' on line 950.
.................................................
.................................................
. LaTeX info: "xparse/define-command"
. 
. Defining command \PrintQuestionClassTF with sig. 'mmm' on line 974.
.................................................
.................................................
. LaTeX info: "xparse/define-command"
. 
. Defining command \PrintQuestionClassT with sig. 'mm' on line 976.
.................................................
.................................................
. LaTeX info: "xparse/define-command"
. 
. Defining command \PrintQuestionClassF with sig. 'mm' on line 978.
.................................................
\g__exsheets_questions_id_int=\count268
\g__exsheets_questions_used_int=\count269
.................................................
. LaTeX info: "xparse/define-command"
. 
. Defining command \QuestionNumber with sig. 'm' on line 1526.
.................................................

(/usr/share/texlive/texmf-dist/tex/latex/exsheets/exsheets_headings.def
File: exsheets_headings.def  2016/02/01 v0.21b ExSheets headings object
\l__exsheets_heading_above_dim=\dimen273
\l__exsheets_heading_below_dim=\dimen274
.................................................
. LaTeX info: "xparse/define-command"
. 
. Defining command \DeclareExSheetsHeadingContainer with sig. 'm+m' on line
. 160.
.................................................
\l__exsheets_heading_main_coffin=\box54
\l__exsheets_heading_pre_coffin=\box55
\l__exsheets_heading_post_coffin=\box56
\l__exsheets_heading_title_coffin=\box57
\l__exsheets_heading_number_coffin=\box58
\l__exsheets_heading_points_coffin=\box59
\l__exsheets_heading_subtitle_coffin=\box60
.................................................
. xtemplate info: "declare-object-type"
. 
. Declaring object type 'exsheets-heading' taking 5 argument(s) on line 176.
.................................................
)
(/usr/share/texlive/texmf-dist/tex/latex/exsheets/exsheets_headings.cfg
File: exsheets_headings.cfg  2016/02/01 v0.21b ExSheets headings instances 
)
.................................................
. LaTeX info: "xparse/define-command"
. 
. Defining command \ExSheetsHeading with sig. 'mmmmmm' on line 1592.
.................................................
.................................................
. LaTeX info: "xparse/define-command"
. 
. Defining command \DeclareQuestionProperty with sig. 'm' on line 1643.
.................................................
.................................................
. LaTeX info: "xparse/define-command"
. 
. Defining command \IfQuestionPropertyTF with sig. '' on line 1663.
.................................................
.................................................
. LaTeX info: "xparse/define-command"
. 
. Defining command \IfQuestionPropertyT with sig. '' on line 1665.
.................................................
.................................................
. LaTeX info: "xparse/define-command"
. 
. Defining command \IfQuestionPropertyF with sig. '' on line 1667.
.................................................
.................................................
. LaTeX info: "xparse/define-command"
. 
. Defining command \SetQuestionProperties with sig. '+m' on line 1670.
.................................................
.................................................
. LaTeX info: "xparse/define-command"
. 
. Defining command \GetQuestionProperty with sig. 'mm' on line 1700.
.................................................
\g__exsheets_tmpa_int=\count270
\l__exsheets_include_random_int=\count271
.................................................
. LaTeX info: "xparse/define-command"
. 
. Defining command \includequestions with sig. 'om' on line 1841.
.................................................
\l__exsheets_questions_set_int=\count272
\g__exsheets_select_random_int=\count273
\g__exsheets_selection_number_int=\count274
.................................................
. LaTeX info: "xparse/define-command"
. 
. Defining command \PrintIfIncludeActiveTF with sig. 'mm' on line 2137.
.................................................
.................................................
. LaTeX info: "xparse/define-command"
. 
. Defining command \PrintIfIncludeActiveT with sig. '' on line 2140.
.................................................
.................................................
. LaTeX info: "xparse/define-command"
. 
. Defining command \PrintIfIncludeActiveF with sig. '' on line 2143.
.................................................
.................................................
. LaTeX info: "xparse/define-command"
. 
. Defining command \printsolutions with sig. 'O{all}' on line 2328.
.................................................
\l__exsheets_counter_ch_int=\count275
\l__exsheets_current_ch_int=\count276
\l__exsheets_counter_sec_int=\count277
\l__exsheets_current_sec_int=\count278
\l_exsheets_counter_qu_int=\count279
.................................................
. LaTeX info: "xparse/define-command"
. 
. Defining command \NewQuSolPair with sig. 'mO{}O{}mO{}O{}' on line 2753.
.................................................
.................................................
. LaTeX info: "xparse/define-command"
. 
. Defining command \RenewQuSolPair with sig. 'mO{}O{}mO{}O{}' on line 2757.
.................................................

(/usr/share/texlive/texmf-dist/tex/latex/tasks/tasks.sty
Package: tasks 2014/07/29 v0.10a Horizontal columned lists.

(/usr/share/texlive/texmf-dist/tex/latex/eepic/epic.sty
Enhancements to Picture Environment. Version 1.2 - Released June 1, 1986
\@@multicnt=\count280
\d@lta=\count281
\@delta=\dimen275
\@@delta=\dimen276
\@gridcnt=\count282
\@joinkind=\count283
\@dotgap=\dimen277
\@ddotgap=\dimen278
\@x@diff=\count284
\@y@diff=\count285
\x@diff=\dimen279
\y@diff=\dimen280
\@dotbox=\box61
\num@segments=\count286
\num@segmentsi=\count287
\@datafile=\read5
)
\l__tasks_depth_int=\count288
\g__tasks_int=\count289
\g__tasks_total_items_int=\count290
\l__tasks_columns_int=\count291
\l__tasks_rows_int=\count292
\g__tasks_current_col_num_int=\count293
\g__tasks_current_row_num_int=\count294
\l__tasks_item_columns_int=\count295
\l__tasks_item_indent_dim=\dimen281
\l__tasks_item_default_indent_dim=\dimen282
\l__tasks_item_width_dim=\dimen283
\l__tasks_label_width_dim=\dimen284
\l__tasks_label_default_width_dim=\dimen285
\l__tasks_label_offset_dim=\dimen286
\l__tasks_label_default_offset_dim=\dimen287
\l__tasks_column_sep_dim=\dimen288
\l__tasks_after_item_skip=\skip67
\l__tasks_custom_after_item_skip=\skip68
\l__tasks_before_list_skip=\skip69
\l__tasks_after_list_skip=\skip70
\l__tasks_item_coffin=\box62
\l__tasks_label_coffin=\box63
\c@task=\count296
\l__tasks_tmpa_int=\count297
\l__tasks_tmpb_int=\count298
\l__tasks_tmpa_coffin=\box64
.................................................
. xtemplate info: "declare-object-type"
. 
. Declaring object type 'tasks' taking 3 argument(s) on line 377.
.................................................
\l__tasks_choice_width_dim=\dimen289
\l__tasks_choice_linewidth_dim=\dimen290
\l__tasks_choice_checkwidth_dim=\dimen291
\l__tasks_choice_raise_dim=\dimen292
.................................................
. LaTeX info: "xparse/define-command"
. 
. Defining command \startnewitemline with sig. '' on line 670.
.................................................
.................................................
. LaTeX info: "xparse/define-command"
. 
. Defining command \NewTasks with sig. 'O{}mO{\task }D(){1}' on line 679.
.................................................
.................................................
. LaTeX info: "xparse/define-command"
. 
. Defining command \RenewTasks with sig. 'O{}mO{\task }D(){1}' on line 686.
.................................................
.................................................
. LaTeX info: "xparse/define-environment"
. 
. Defining environment 'tasks' with sig. 'O{}D(){1}' on line 694.
.................................................
 (/usr/share/texlive/texmf-dist/tex/latex/tasks/tasks.cfg
File: tasks.cfg 2014/07/29 v0.10a tasks instances
)
.................................................
. LaTeX info: "xparse/define-command"
. 
. Defining command \settasks with sig. 'm' on line 710.
.................................................
)
(/usr/share/texlive/texmf-dist/tex/generic/ulem/ulem.sty
\UL@box=\box65
\UL@hyphenbox=\box66
\UL@skip=\skip71
\UL@hook=\toks52
\UL@height=\dimen293
\UL@pe=\count299
\UL@pixel=\dimen294
\ULC@box=\box67
Package: ulem 2012/05/18
\ULdepth=\dimen295
)
\l__exsheets_blank_dim=\dimen296
\l__exsheets_blank_box=\box68
.................................................
. LaTeX info: "xparse/define-command"
. 
. Defining command \blank with sig. 'som' on line 2823.
.................................................
.................................................
. LaTeX info: "xparse/define-command"
. 
. Defining command \examspace with sig. 'sm' on line 2925.
.................................................
.................................................
. LaTeX info: "xparse/define-command"
. 
. Defining command \SetupExSheets with sig. 'o+m' on line 2934.
.................................................
.................................................
. LaTeX info: "xparse/define-environment"
. 
. Defining environment 'question' with sig. 'O{}G{}' on line 2943.
.................................................
.................................................
. LaTeX info: "xparse/define-environment"
. 
. Defining environment 'solution' with sig. 'O{}' on line 2943.
.................................................

(/usr/share/texlive/texmf-dist/tex/latex/translations/translations.sty
Package: translations 2015/11/07 v1.2e internationalization of LaTeX2e packages
 (CN)

(/usr/share/texlive/texmf-dist/tex/latex/koma-script/scrlfile.sty
Package: scrlfile 2015/10/03 v3.19a KOMA-Script package (loading files)

Package scrlfile, 2015/10/03 v3.19a KOMA-Script package (loading files)
                  Copyright (C) Markus Kohm

) (/usr/share/texlive/texmf-dist/tex/latex/filehook/filehook-scrlfile.sty
Package: filehook-scrlfile 2011/01/03 v0.1 filehook patch for scrlfile package
Package filehook Info: Package 'scrlfile' detected and compensated for on input
 line 102.
)))
(./examtry1.aux)
\openout1 = `examtry1.aux'.

LaTeX Font Info:    Checking defaults for OML/cmm/m/it on input line 100.
LaTeX Font Info:    ... okay on input line 100.
LaTeX Font Info:    Checking defaults for T1/cmr/m/n on input line 100.
LaTeX Font Info:    ... okay on input line 100.
LaTeX Font Info:    Checking defaults for OT1/cmr/m/n on input line 100.
LaTeX Font Info:    ... okay on input line 100.
LaTeX Font Info:    Checking defaults for OMS/cmsy/m/n on input line 100.
LaTeX Font Info:    ... okay on input line 100.
LaTeX Font Info:    Checking defaults for OMX/cmex/m/n on input line 100.
LaTeX Font Info:    ... okay on input line 100.
LaTeX Font Info:    Checking defaults for U/cmr/m/n on input line 100.
LaTeX Font Info:    ... okay on input line 100.
LaTeX Font Info:    Checking defaults for EU1/lmr/m/n on input line 100.
LaTeX Font Info:    ... okay on input line 100.
LaTeX Font Info:    Checking defaults for T3/cmr/m/n on input line 100.
LaTeX Font Info:    Try loading font information for T3+cmr on input line 100.
 (/usr/share/texmf/tex/latex/tipa/t3cmr.fd
File: t3cmr.fd 2001/12/31 TIPA font definitions
)
LaTeX Font Info:    ... okay on input line 100.
LaTeX Font Info:    Checking defaults for TS1/cmr/m/n on input line 100.
LaTeX Font Info:    ... okay on input line 100.

*************************************************
* unicode-math warning: "mathtools-overbracket"
* 
* Using \overbracket and \underbracket from `mathtools' package.
* 
* Use \Uoverbracket and \Uunderbracket for original `unicode-math' definition.
*************************************************
\c@lstlisting=\count300
\ST@sf=\write5
\openout5 = `examtry1.sagetex.sage'.

*geometry* driver: auto-detecting
*geometry* detected driver: xetex
*geometry* verbose mode - [ preamble ] result:
* driver: xetex
* paper: a4paper
* layout: <same size as paper>
* layoutoffset:(h,v)=(0.0pt,0.0pt)
* modes: 
* h-part:(L,W,R)=(28.45274pt, 554.82877pt, 14.22636pt)
* v-part:(T,H,B)=(28.45274pt, 802.36774pt, 14.22636pt)
* \paperwidth=597.50787pt
* \paperheight=845.04684pt
* \textwidth=554.82877pt
* \textheight=802.36774pt
* \oddsidemargin=-43.81725pt
* \evensidemargin=-43.81725pt
* \topmargin=-80.81725pt
* \headheight=12.0pt
* \headsep=25.0pt
* \topskip=12.0pt
* \footskip=30.0pt
* \marginparwidth=35.0pt
* \marginparsep=10.0pt
* \columnsep=10.0pt
* \skip\footins=10.8pt plus 4.0pt minus 2.0pt
* \hoffset=0.0pt
* \voffset=0.0pt
* \mag=1000
* \@twocolumnfalse
* \@twosidefalse
* \@mparswitchfalse
* \@reversemarginfalse
* (1in=72.27pt=25.4mm, 1cm=28.453pt)

ABD: EveryShipout initializing macros
.................................................
. exsheets info: "loading-configurations"
. 
. Loading custom configurations file `exsheets_configurations.cgf'.
.................................................

(/usr/share/texlive/texmf-dist/tex/latex/exsheets/exsheets_configurations.cfg
File: exsheets_configurations.cfg 
)
.................................................
. fontspec info: "no-scripts"
. 
. Font Times New Roman does not contain any OpenType `Script' information.
.................................................
.................................................
. fontspec info: "no-scripts"
. 
. Font Book Antiqua does not contain any OpenType `Script' information.
.................................................
\g__fontspec_family_BookAntiqua_int=\count301
.................................................
. fontspec info: "no-font-shape"
. 
. Could not resolve font Book Antiqua/I (it probably doesn't exist).
.................................................
.................................................
. fontspec info: "defining-font"
. 
. Font family 'BookAntiqua(0)' created for font 'Book Antiqua' with options
. [].
. 
. This font family consists of the following NFSS series/shapes:
. - 'normal' (m/n) with NFSS spec.: <->"Book Antiqua/OT:"
. - 'small caps'  (m/sc) with NFSS spec.: - 'bold' (bx/n) with NFSS spec.:
. <->"Book Antiqua/B/OT:"
. - 'bold small caps'  (bx/sc) with NFSS spec.: - 'bold italic' (bx/it) with
. NFSS spec.: <->"Book Antiqua/BI/OT:"
. - 'bold italic small caps'  (bx/itsc) with NFSS spec.: 
.................................................
.................................................
. fontspec info: "no-scripts"
. 
. Font Times New Roman does not contain any OpenType `Script' information.
.................................................
LaTeX Font Info:    Font shape `EU1/TeXGyreTermesMath(1)/m/n' will be
(Font)              scaled to size 12.00018pt on input line 146.
LaTeX Font Info:    Font shape `EU1/TeXGyreTermesMath(1)/m/n' will be
(Font)              scaled to size 8.88681pt on input line 146.
LaTeX Font Info:    Font shape `EU1/TeXGyreTermesMath(1)/m/n' will be
(Font)              scaled to size 6.60612pt on input line 146.
LaTeX Font Info:    Font shape `EU1/TeXGyreTermesMath(2)/m/n' will be
(Font)              scaled to size 11.99982pt on input line 146.
LaTeX Font Info:    Font shape `EU1/TeXGyreTermesMath(2)/m/n' will be
(Font)              scaled to size 8.88655pt on input line 146.
LaTeX Font Info:    Font shape `EU1/TeXGyreTermesMath(2)/m/n' will be
(Font)              scaled to size 6.60593pt on input line 146.
LaTeX Font Info:    Try loading font information for U+msa on input line 146.

(/usr/share/texlive/texmf-dist/tex/latex/amsfonts/umsa.fd
File: umsa.fd 2013/01/14 v3.01 AMS symbols A
)
LaTeX Font Info:    Try loading font information for U+msb on input line 146.

(/usr/share/texlive/texmf-dist/tex/latex/amsfonts/umsb.fd
File: umsb.fd 2013/01/14 v3.01 AMS symbols B
) (./geom_theory1.tex) (./geom_theory1.tex) (./geom_theory2.tex) (./geom_theory
2.tex)
(./geom_vectors.tex) (./geom_vectors.tex

LaTeX Warning: Reference `@sageinline0' on page 1 undefined on input line 4.


LaTeX Warning: Reference `@sageinline1' on page 1 undefined on input line 4.


LaTeX Warning: Reference `@sageinline2' on page 1 undefined on input line 4.


LaTeX Warning: Reference `@sageinline3' on page 1 undefined on input line 4.

)
.................................................
. fontspec info: "no-scripts"
. 
. Font Times New Roman does not contain any OpenType `Script' information.
.................................................
.................................................
. fontspec info: "no-scripts"
. 
. Font Book Antiqua does not contain any OpenType `Script' information.
.................................................
.................................................
. fontspec info: "no-scripts"
. 
. Font Times New Roman does not contain any OpenType `Script' information.
.................................................
 (./geom_theory1.tex) (./geom_theory1.tex) (./geom_theory2.tex)
(./geom_theory2.tex) (./geom_vectors.tex) (./geom_vectors.tex

LaTeX Warning: Reference `@sageinline4' on page 1 undefined on input line 4.


LaTeX Warning: Reference `@sageinline5' on page 1 undefined on input line 4.


LaTeX Warning: Reference `@sageinline6' on page 1 undefined on input line 4.


LaTeX Warning: Reference `@sageinline7' on page 1 undefined on input line 4.

)
*********************************************************************

Package sagetex Warning: there were undefined Sage formulas and/or plots.
Run Sage on examtry1.sagetex.sage, and then run LaTeX on examtry1.tex again.

*********************************************************************
[1

] (./examtry1.aux)

LaTeX Warning: There were undefined references.

 ) 
Here is how much of TeX's memory you used:
 32845 strings out of 493638
 624845 string characters out of 6146796
 751558 words of memory out of 5000000
 35715 multiletter control sequences out of 15000+600000
 7512 words of font info for 61 fonts, out of 8000000 for 9000
 1328 hyphenation exceptions out of 8191
 57i,8n,66p,10395b,389s stack positions out of 5000i,500n,10000p,200000b,80000s

Output written on examtry1.pdf (1 page).
